<?xml version="1.0" encoding="UTF-8"?>
<!-- Generated by org.testng.reporters.JUnitReportReporter -->
<testsuite hostname="DESKTOP-OCCUBGQ" failures="0" tests="1" name="AmazonWebIn.extendReports.extendReportstest" time="9.635" errors="0" timestamp="2024-09-30T21:03:18 IST" skipped="0">
  <testcase classname="AmazonWebIn.extendReports.extendReportstest" name="report1" time="9.635"/>
</testsuite> <!-- AmazonWebIn.extendReports.extendReportstest -->
